# JRE version: Java(TM) SE Runtime Environment (21.0+35) (build 21+35-LTS-2513)
# Java VM: Java HotSpot(TM) 64-Bit Server VM (21+35-LTS-2513, mixed mode, emulated-client, sharing, tiered, compressed oops, compressed class ptrs, g1 gc, windows-amd64)
GC Precious Log:
 CardTable entry size: 512
 Card Set container configuration: InlinePtr #cards 4 size 8 Array Of Cards #cards 16 size 48 Howl #buckets 8 coarsen threshold 3686 Howl Bitmap #cards 512 size 80 coarsen threshold 460 Card regions per heap region 1 cards per card region 4096
 CPUs: 8 total, 8 available
 Memory: 16343M
 Large Page Support: Disabled
 NUMA Support: Disabled
 Compressed Oops: Enabled (Zero based)
 Heap Region Size: 2M
 Heap Min Capacity: 8M
 Heap Initial Capacity: 256M
 Heap Max Capacity: 4086M
 Pre-touch: Disabled
 Parallel Workers: 8
 Concurrent Workers: 2
 Concurrent Refinement Workers: 8
 Periodic GC: Disabled
Heap:
 garbage-first heap   total 83968K, used 44058K [0x0000000700a00000, 0x0000000800000000)
  region size 2048K, 10 young (20480K), 3 survivors (6144K)
 Metaspace       used 65882K, committed 66688K, reserved 1114112K
  class space    used 9518K, committed 9856K, reserved 1048576K
GC Heap History (20 events):
Event: 1.175 GC heap before
{Heap before GC invocations=1 (full 0):
 garbage-first heap   total 262144K, used 32383K [0x0000000700a00000, 0x0000000800000000)
  region size 2048K, 15 young (30720K), 2 survivors (4096K)
 Metaspace       used 13140K, committed 13504K, reserved 1114112K
  class space    used 1762K, committed 1920K, reserved 1048576K
}
Event: 1.180 GC heap after
{Heap after GC invocations=2 (full 0):
 garbage-first heap   total 262144K, used 9987K [0x0000000700a00000, 0x0000000800000000)
  region size 2048K, 2 young (4096K), 2 survivors (4096K)
 Metaspace       used 13140K, committed 13504K, reserved 1114112K
  class space    used 1762K, committed 1920K, reserved 1048576K
}
Event: 1.515 GC heap before
{Heap before GC invocations=2 (full 0):
 garbage-first heap   total 262144K, used 46851K [0x0000000700a00000, 0x0000000800000000)
  region size 2048K, 22 young (45056K), 2 survivors (4096K)
 Metaspace       used 21172K, committed 21504K, reserved 1114112K
  class space    used 2829K, committed 3008K, reserved 1048576K
}
Event: 1.520 GC heap after
{Heap after GC invocations=3 (full 0):
 garbage-first heap   total 262144K, used 13704K [0x0000000700a00000, 0x0000000800000000)
  region size 2048K, 4 young (8192K), 4 survivors (8192K)
 Metaspace       used 21172K, committed 21504K, reserved 1114112K
  class space    used 2829K, committed 3008K, reserved 1048576K
}
Event: 1.948 GC heap before
{Heap before GC invocations=4 (full 0):
 garbage-first heap   total 69632K, used 46472K [0x0000000700a00000, 0x0000000800000000)
  region size 2048K, 20 young (40960K), 4 survivors (8192K)
 Metaspace       used 24348K, committed 24832K, reserved 1114112K
  class space    used 3323K, committed 3520K, reserved 1048576K
}
Event: 1.956 GC heap after
{Heap after GC invocations=5 (full 0):
 garbage-first heap   total 69632K, used 15561K [0x0000000700a00000, 0x0000000800000000)
  region size 2048K, 2 young (4096K), 2 survivors (4096K)
 Metaspace       used 24348K, committed 24832K, reserved 1114112K
  class space    used 3323K, committed 3520K, reserved 1048576K
}
Event: 2.546 GC heap before
{Heap before GC invocations=5 (full 0):
 garbage-first heap   total 69632K, used 50377K [0x0000000700a00000, 0x0000000800000000)
  region size 2048K, 19 young (38912K), 2 survivors (4096K)
 Metaspace       used 30399K, committed 30976K, reserved 1114112K
  class space    used 4199K, committed 4480K, reserved 1048576K
}
Event: 2.553 GC heap after
{Heap after GC invocations=6 (full 0):
 garbage-first heap   total 69632K, used 18705K [0x0000000700a00000, 0x0000000800000000)
  region size 2048K, 3 young (6144K), 3 survivors (6144K)
 Metaspace       used 30399K, committed 30976K, reserved 1114112K
  class space    used 4199K, committed 4480K, reserved 1048576K
}
Event: 2.986 GC heap before
{Heap before GC invocations=6 (full 0):
 garbage-first heap   total 69632K, used 43281K [0x0000000700a00000, 0x0000000800000000)
  region size 2048K, 16 young (32768K), 3 survivors (6144K)
 Metaspace       used 35556K, committed 36096K, reserved 1114112K
  class space    used 4951K, committed 5184K, reserved 1048576K
}
Event: 2.998 GC heap after
{Heap after GC invocations=7 (full 0):
 garbage-first heap   total 69632K, used 21283K [0x0000000700a00000, 0x0000000800000000)
  region size 2048K, 2 young (4096K), 2 survivors (4096K)
 Metaspace       used 35556K, committed 36096K, reserved 1114112K
  class space    used 4951K, committed 5184K, reserved 1048576K
}
Event: 3.577 GC heap before
{Heap before GC invocations=8 (full 0):
 garbage-first heap   total 69632K, used 49955K [0x0000000700a00000, 0x0000000800000000)
  region size 2048K, 17 young (34816K), 2 survivors (4096K)
 Metaspace       used 43145K, committed 43712K, reserved 1114112K
  class space    used 6024K, committed 6272K, reserved 1048576K
}
Event: 3.586 GC heap after
{Heap after GC invocations=9 (full 0):
 garbage-first heap   total 83968K, used 22846K [0x0000000700a00000, 0x0000000800000000)
  region size 2048K, 2 young (4096K), 2 survivors (4096K)
 Metaspace       used 43145K, committed 43712K, reserved 1114112K
  class space    used 6024K, committed 6272K, reserved 1048576K
}
Event: 4.367 GC heap before
{Heap before GC invocations=9 (full 0):
 garbage-first heap   total 83968K, used 67902K [0x0000000700a00000, 0x0000000800000000)
  region size 2048K, 24 young (49152K), 2 survivors (4096K)
 Metaspace       used 52603K, committed 53312K, reserved 1114112K
  class space    used 7523K, committed 7872K, reserved 1048576K
}
Event: 4.378 GC heap after
{Heap after GC invocations=10 (full 0):
 garbage-first heap   total 83968K, used 24093K [0x0000000700a00000, 0x0000000800000000)
  region size 2048K, 2 young (4096K), 2 survivors (4096K)
 Metaspace       used 52603K, committed 53312K, reserved 1114112K
  class space    used 7523K, committed 7872K, reserved 1048576K
}
Event: 5.110 GC heap before
{Heap before GC invocations=10 (full 0):
 garbage-first heap   total 83968K, used 67101K [0x0000000700a00000, 0x0000000800000000)
  region size 2048K, 24 young (49152K), 2 survivors (4096K)
 Metaspace       used 58939K, committed 59648K, reserved 1114112K
  class space    used 8437K, committed 8768K, reserved 1048576K
}
Event: 5.120 GC heap after
{Heap after GC invocations=11 (full 0):
 garbage-first heap   total 83968K, used 26746K [0x0000000700a00000, 0x0000000800000000)
  region size 2048K, 3 young (6144K), 3 survivors (6144K)
 Metaspace       used 58939K, committed 59648K, reserved 1114112K
  class space    used 8437K, committed 8768K, reserved 1048576K
}
Event: 5.350 GC heap before
{Heap before GC invocations=11 (full 0):
 garbage-first heap   total 83968K, used 51322K [0x0000000700a00000, 0x0000000800000000)
  region size 2048K, 16 young (32768K), 3 survivors (6144K)
 Metaspace       used 59953K, committed 60608K, reserved 1114112K
  class space    used 8581K, committed 8896K, reserved 1048576K
}
Event: 5.354 GC heap after
{Heap after GC invocations=12 (full 0):
 garbage-first heap   total 83968K, used 27977K [0x0000000700a00000, 0x0000000800000000)
  region size 2048K, 2 young (4096K), 2 survivors (4096K)
 Metaspace       used 59953K, committed 60608K, reserved 1114112K
  class space    used 8581K, committed 8896K, reserved 1048576K
}
Event: 5.910 GC heap before
{Heap before GC invocations=13 (full 0):
 garbage-first heap   total 83968K, used 73033K [0x0000000700a00000, 0x0000000800000000)
  region size 2048K, 24 young (49152K), 2 survivors (4096K)
 Metaspace       used 63399K, committed 64128K, reserved 1114112K
  class space    used 9166K, committed 9472K, reserved 1048576K
}
Event: 5.916 GC heap after
{Heap after GC invocations=14 (full 0):
 garbage-first heap   total 83968K, used 31770K [0x0000000700a00000, 0x0000000800000000)
  region size 2048K, 3 young (6144K), 3 survivors (6144K)
 Metaspace       used 63399K, committed 64128K, reserved 1114112K
  class space    used 9166K, committed 9472K, reserved 1048576K
}

